  CubeFish.cpp
c:\users\b8062133\graphics\csc8502\graphics_for_games\graphics coursework\cubefish.cpp(33): warning C4244: '+=': conversion from 'double' to 'float', possible loss of data
c:\users\b8062133\graphics\csc8502\graphics_for_games\graphics coursework\cubefish.cpp(34): warning C4244: '+=': conversion from 'double' to 'float', possible loss of data
  CubeRobot.cpp
c:\users\b8062133\graphics\csc8502\graphics_for_games\graphics coursework\cuberobot.cpp(54): warning C4244: '+=': conversion from 'double' to 'float', possible loss of data
c:\users\b8062133\graphics\csc8502\graphics_for_games\graphics coursework\cuberobot.cpp(55): warning C4244: '-=': conversion from 'double' to 'float', possible loss of data
  Renderer.cpp
c:\users\b8062133\graphics\csc8502\graphics_for_games\graphics coursework\renderer.cpp(188): warning C4244: 'argument': conversion from 'double' to 'const float', possible loss of data
c:\users\b8062133\graphics\csc8502\graphics_for_games\graphics coursework\renderer.cpp(328): warning C4244: 'argument': conversion from 'float' to 'int', possible loss of data
  cw main.cpp
  TextMesh.cpp
  Generating Code...
Renderer.obj : warning LNK4049: locally defined symbol ___glewActiveTexture imported
Renderer.obj : warning LNK4049: locally defined symbol ___glewGetUniformLocation imported
Renderer.obj : warning LNK4049: locally defined symbol ___glewUniform1f imported
Renderer.obj : warning LNK4049: locally defined symbol ___glewUniform1i imported
Renderer.obj : warning LNK4049: locally defined symbol ___glewUniform2f imported
Renderer.obj : warning LNK4049: locally defined symbol ___glewUniform3fv imported
Renderer.obj : warning LNK4049: locally defined symbol ___glewUniform4fv imported
Renderer.obj : warning LNK4049: locally defined symbol ___glewUniformMatrix4fv imported
Renderer.obj : warning LNK4049: locally defined symbol ___glewUseProgram imported
Renderer.obj : warning LNK4049: locally defined symbol ___glewBindFramebuffer imported
Renderer.obj : warning LNK4049: locally defined symbol ___glewCheckFramebufferStatus imported
Renderer.obj : warning LNK4049: locally defined symbol ___glewDeleteFramebuffers imported
Renderer.obj : warning LNK4049: locally defined symbol ___glewFramebufferTexture2D imported
Renderer.obj : warning LNK4049: locally defined symbol ___glewGenFramebuffers imported
glew32.lib(glew.obj) : warning LNK4099: PDB 'vc120.pdb' was not found with 'glew32.lib(glew.obj)' or at 'C:\Users\b8062133\Graphics\CSC8502\Graphics_For_Games\Debug\vc120.pdb'; linking object as if no debug info
  GraphicsCoursework.vcxproj -> C:\Users\b8062133\Graphics\CSC8502\Graphics_For_Games\Debug\GraphicsCoursework.exe
